Using pre-set license
Built from '2020.2/release' branch; Version is '2020.2.2f1 (068178b99f32) revision 426360'; Using compiler version '192528614'; Build Type 'Release'
OS: 'Windows 10 Pro; OS build 19042.746; Version 2009; 64bit' Language: 'en' Physical Memory: 16258 MB
BatchMode: 1, IsHumanControllingUs: 0, StartBugReporterOnCrash: 0, Is64bit: 1, IsPro: 0

 COMMAND LINE ARGUMENTS:
E:\Unity\Editor\Unity.exe
-adb2
-batchMode
-noUpm
-name
AssetImportWorker0
-projectPath
C:/Users/lenovo/Trapped/My Frist Game
-logFile
Logs/AssetImportWorker0.log
-srvPort
60755
Successfully changed project path to: C:/Users/lenovo/Trapped/My Frist Game
C:/Users/lenovo/Trapped/My Frist Game
Using Asset Import Pipeline V2.
Refreshing native plugins compatible for Editor in 288.78 ms, found 1 plugins.
Preloading 0 native plugins for Editor in 0.00 ms.
Initialize engine version: 2020.2.2f1 (068178b99f32)
[Subsystems] Discovering subsystems at path E:/Unity/Editor/Data/Resources/UnitySubsystems
[Subsystems] Discovering subsystems at path C:/Users/lenovo/Trapped/My Frist Game/Assets
GfxDevice: creating device client; threaded=0
Direct3D:
    Version:  Direct3D 11.0 [level 11.1]
    Renderer: NVIDIA GeForce MX150 (ID=0x1d10)
    Vendor:   
    VRAM:     4027 MB
    Driver:   27.21.14.6079
Shader 'Universal Render Pipeline/Particles/Lit': fallback shader 'Universal Render Pipeline/Particles/SimpleLit' not found
Initialize mono
Mono path[0] = 'E:/Unity/Editor/Data/Managed'
Mono path[1] = 'E:/Unity/Editor/Data/MonoBleedingEdge/lib/mono/unityjit'
Mono config path = 'E:/Unity/Editor/Data/MonoBleedingEdge/etc'
Using monoOptions --debugger-agent=transport=dt_socket,embedding=1,server=y,suspend=n,address=127.0.0.1:56696
Begin MonoManager ReloadAssembly
Registering precompiled unity dll's ...
Register platform support module: E:/Unity/Editor/Data/PlaybackEngines/WindowsStandaloneSupport/UnityEditor.WindowsStandalone.Extensions.dll
Registered in 0.002385 seconds.
Native extension for WindowsStandalone target not found
Refreshing native plugins compatible for Editor in 141.17 ms, found 1 plugins.
Preloading 0 native plugins for Editor in 0.00 ms.
Invoked RoslynAnalysisRunner static constructor.
RoslynAnalysisRunner will not be running.
RoslynAnalysisRunner has terminated.
Mono: successfully reloaded assembly
- Completed reload, in  2.656 seconds
Platform modules already initialized, skipping
Registering precompiled user dll's ...
Registered in 0.003236 seconds.
Begin MonoManager ReloadAssembly
Native extension for WindowsStandalone target not found
Refreshing native plugins compatible for Editor in 165.14 ms, found 1 plugins.
Preloading 0 native plugins for Editor in 0.00 ms.
Invoked RoslynAnalysisRunner static constructor.
RoslynAnalysisRunner will not be running.
RoslynAnalysisRunner has terminated.
Mono: successfully reloaded assembly
- Completed reload, in  2.561 seconds
Platform modules already initialized, skipping
========================================================================
Worker process is ready to serve import requests
Shader 'Universal Render Pipeline/Particles/Lit': fallback shader 'Universal Render Pipeline/Particles/SimpleLit' not found
Launched and connected shader compiler UnityShaderCompiler.exe after 0.11 seconds
Refreshing native plugins compatible for Editor in 1.08 ms, found 1 plugins.
Preloading 0 native plugins for Editor in 0.00 ms.
Unloading 2987 Unused Serialized files (Serialized files now loaded: 0)
System memory in use before: 131.4 MB.
System memory in use after: 131.6 MB.

Unloading 20 unused Assets to reduce memory usage. Loaded Objects now: 3436.
Total: 4.408800 ms (FindLiveObjects: 0.484600 ms CreateObjectMapping: 0.278200 ms MarkObjects: 3.494600 ms  DeleteObjects: 0.148900 ms)

========================================================================
Received Import Request.
  path: Assets/PngItem_1579149.png
  artifactKey: Guid(bad3a16cc80524b40bf9aa985eb9d609) Importer(815301076,1909f56bfc062723c751e8b465ee728b)
Start importing Assets/PngItem_1579149.png using Guid(bad3a16cc80524b40bf9aa985eb9d609) Importer(815301076,1909f56bfc062723c751e8b465ee728b)  -> (artifact id: 'a280c1931af3bb76c7eab33e907f6e5a') in 0.276429 seconds
  Import took 0.293833 seconds .

========================================================================
Received Prepare
Registering precompiled user dll's ...
Registered in 0.003397 seconds.
Begin MonoManager ReloadAssembly
Native extension for WindowsStandalone target not found
Refreshing native plugins compatible for Editor in 1.48 ms, found 1 plugins.
Preloading 0 native plugins for Editor in 0.00 ms.
Invoked RoslynAnalysisRunner static constructor.
RoslynAnalysisRunner will not be running.
RoslynAnalysisRunner has terminated.
Mono: successfully reloaded assembly
- Completed reload, in  3.730 seconds
Platform modules already initialized, skipping
Shader 'Universal Render Pipeline/Particles/Lit': fallback shader 'Universal Render Pipeline/Particles/SimpleLit' not found
Refreshing native plugins compatible for Editor in 2.06 ms, found 1 plugins.
Preloading 0 native plugins for Editor in 0.00 ms.
Unloading 2896 Unused Serialized files (Serialized files now loaded: 0)
System memory in use before: 127.8 MB.
System memory in use after: 128.0 MB.

Unloading 9 unused Assets to reduce memory usage. Loaded Objects now: 3444.
Total: 10.309300 ms (FindLiveObjects: 1.049200 ms CreateObjectMapping: 0.631800 ms MarkObjects: 8.540500 ms  DeleteObjects: 0.083000 ms)

========================================================================
Received Import Request.
  Time since last request: 198.745436 seconds.
  path: Assets/—Pngtree—game button game switch icon_5320229.png
  artifactKey: Guid(c9c5ccf61e657004080b5adcb79b1bd8) Importer(815301076,1909f56bfc062723c751e8b465ee728b)
Start importing Assets/—Pngtree—game button game switch icon_5320229.png using Guid(c9c5ccf61e657004080b5adcb79b1bd8) Importer(815301076,1909f56bfc062723c751e8b465ee728b)  -> (artifact id: 'ab8be158edea2d6582b871f7adb2a9e7') in 0.222575 seconds
  Import took 0.244509 seconds .

========================================================================
Received Prepare
Registering precompiled user dll's ...
Registered in 0.003445 seconds.
Begin MonoManager ReloadAssembly
Native extension for WindowsStandalone target not found
Refreshing native plugins compatible for Editor in 1.13 ms, found 1 plugins.
Preloading 0 native plugins for Editor in 0.00 ms.
Invoked RoslynAnalysisRunner static constructor.
RoslynAnalysisRunner will not be running.
RoslynAnalysisRunner has terminated.
Mono: successfully reloaded assembly
- Completed reload, in  2.027 seconds
Platform modules already initialized, skipping
Shader 'Universal Render Pipeline/Particles/Lit': fallback shader 'Universal Render Pipeline/Particles/SimpleLit' not found
Refreshing native plugins compatible for Editor in 0.90 ms, found 1 plugins.
Preloading 0 native plugins for Editor in 0.00 ms.
Unloading 2943 Unused Serialized files (Serialized files now loaded: 0)
System memory in use before: 131.5 MB.
System memory in use after: 131.2 MB.

Unloading 22 unused Assets to reduce memory usage. Loaded Objects now: 3483.
Total: 4.696700 ms (FindLiveObjects: 0.470700 ms CreateObjectMapping: 0.219400 ms MarkObjects: 3.474600 ms  DeleteObjects: 0.528500 ms)

========================================================================
Received Prepare
Registering precompiled user dll's ...
Registered in 0.004101 seconds.
Begin MonoManager ReloadAssembly
Native extension for WindowsStandalone target not found
Refreshing native plugins compatible for Editor in 0.90 ms, found 1 plugins.
Preloading 0 native plugins for Editor in 0.00 ms.
Invoked RoslynAnalysisRunner static constructor.
RoslynAnalysisRunner will not be running.
RoslynAnalysisRunner has terminated.
Mono: successfully reloaded assembly
- Completed reload, in  2.061 seconds
Platform modules already initialized, skipping
Shader 'Universal Render Pipeline/Particles/Lit': fallback shader 'Universal Render Pipeline/Particles/SimpleLit' not found
Refreshing native plugins compatible for Editor in 0.91 ms, found 1 plugins.
Preloading 0 native plugins for Editor in 0.00 ms.
Unloading 2944 Unused Serialized files (Serialized files now loaded: 0)
System memory in use before: 131.6 MB.
System memory in use after: 131.2 MB.

Unloading 22 unused Assets to reduce memory usage. Loaded Objects now: 3486.
Total: 5.197900 ms (FindLiveObjects: 0.488100 ms CreateObjectMapping: 0.273400 ms MarkObjects: 3.837300 ms  DeleteObjects: 0.597100 ms)

========================================================================
Received Prepare
Registering precompiled user dll's ...
Registered in 0.003731 seconds.
Begin MonoManager ReloadAssembly
Native extension for WindowsStandalone target not found
Refreshing native plugins compatible for Editor in 1.08 ms, found 1 plugins.
Preloading 0 native plugins for Editor in 0.00 ms.
Invoked RoslynAnalysisRunner static constructor.
RoslynAnalysisRunner will not be running.
RoslynAnalysisRunner has terminated.
Mono: successfully reloaded assembly
- Completed reload, in  1.913 seconds
Platform modules already initialized, skipping
Shader 'Universal Render Pipeline/Particles/Lit': fallback shader 'Universal Render Pipeline/Particles/SimpleLit' not found
Refreshing native plugins compatible for Editor in 0.92 ms, found 1 plugins.
Preloading 0 native plugins for Editor in 0.00 ms.
Unloading 2944 Unused Serialized files (Serialized files now loaded: 0)
System memory in use before: 131.5 MB.
System memory in use after: 131.2 MB.

Unloading 22 unused Assets to reduce memory usage. Loaded Objects now: 3488.
Total: 5.017400 ms (FindLiveObjects: 0.606500 ms CreateObjectMapping: 0.349100 ms MarkObjects: 3.465400 ms  DeleteObjects: 0.594300 ms)

========================================================================
Received Prepare
Registering precompiled user dll's ...
Registered in 0.003205 seconds.
Begin MonoManager ReloadAssembly
Native extension for WindowsStandalone target not found
Refreshing native plugins compatible for Editor in 0.92 ms, found 1 plugins.
Preloading 0 native plugins for Editor in 0.00 ms.
Invoked RoslynAnalysisRunner static constructor.
RoslynAnalysisRunner will not be running.
RoslynAnalysisRunner has terminated.
Mono: successfully reloaded assembly
- Completed reload, in  2.450 seconds
Platform modules already initialized, skipping
Shader 'Universal Render Pipeline/Particles/Lit': fallback shader 'Universal Render Pipeline/Particles/SimpleLit' not found
Refreshing native plugins compatible for Editor in 1.13 ms, found 1 plugins.
Preloading 0 native plugins for Editor in 0.00 ms.
Unloading 2944 Unused Serialized files (Serialized files now loaded: 0)
System memory in use before: 131.6 MB.
System memory in use after: 131.2 MB.

Unloading 22 unused Assets to reduce memory usage. Loaded Objects now: 3490.
Total: 5.663300 ms (FindLiveObjects: 0.584300 ms CreateObjectMapping: 0.419400 ms MarkObjects: 3.996200 ms  DeleteObjects: 0.660300 ms)

========================================================================
Received Import Request.
  Time since last request: 301.510053 seconds.
  path: Assets/Scenes/3.unity
  artifactKey: Guid(8709cbff5ceafec46b323f2a1769e3de) Importer(815301076,1909f56bfc062723c751e8b465ee728b)
Start importing Assets/Scenes/3.unity using Guid(8709cbff5ceafec46b323f2a1769e3de) Importer(815301076,1909f56bfc062723c751e8b465ee728b)  -> (artifact id: '1417b7c6469c0a58948363f878ddd764') in 0.034056 seconds
  Import took 0.043750 seconds .

========================================================================
Received Prepare
Registering precompiled user dll's ...
Registered in 0.003483 seconds.
Begin MonoManager ReloadAssembly
Native extension for WindowsStandalone target not found
Refreshing native plugins compatible for Editor in 0.91 ms, found 1 plugins.
Preloading 0 native plugins for Editor in 0.00 ms.
Invoked RoslynAnalysisRunner static constructor.
RoslynAnalysisRunner will not be running.
RoslynAnalysisRunner has terminated.
Mono: successfully reloaded assembly
- Completed reload, in  3.184 seconds
Platform modules already initialized, skipping
Shader 'Universal Render Pipeline/Particles/Lit': fallback shader 'Universal Render Pipeline/Particles/SimpleLit' not found
Refreshing native plugins compatible for Editor in 1.04 ms, found 1 plugins.
Preloading 0 native plugins for Editor in 0.00 ms.
Unloading 2944 Unused Serialized files (Serialized files now loaded: 0)
System memory in use before: 131.6 MB.
System memory in use after: 131.2 MB.

Unloading 22 unused Assets to reduce memory usage. Loaded Objects now: 3492.
Total: 4.842400 ms (FindLiveObjects: 0.529300 ms CreateObjectMapping: 0.353700 ms MarkObjects: 3.359300 ms  DeleteObjects: 0.597300 ms)

========================================================================
Received Prepare
Registering precompiled user dll's ...
Registered in 0.004637 seconds.
Begin MonoManager ReloadAssembly
Native extension for WindowsStandalone target not found
Refreshing native plugins compatible for Editor in 2.13 ms, found 1 plugins.
Preloading 0 native plugins for Editor in 0.00 ms.
Invoked RoslynAnalysisRunner static constructor.
RoslynAnalysisRunner will not be running.
RoslynAnalysisRunner has terminated.
Mono: successfully reloaded assembly
- Completed reload, in  2.502 seconds
Platform modules already initialized, skipping
Shader 'Universal Render Pipeline/Particles/Lit': fallback shader 'Universal Render Pipeline/Particles/SimpleLit' not found
Refreshing native plugins compatible for Editor in 1.15 ms, found 1 plugins.
Preloading 0 native plugins for Editor in 0.00 ms.
Unloading 2944 Unused Serialized files (Serialized files now loaded: 0)
System memory in use before: 131.6 MB.
System memory in use after: 131.3 MB.

Unloading 22 unused Assets to reduce memory usage. Loaded Objects now: 3494.
Total: 5.450400 ms (FindLiveObjects: 0.537200 ms CreateObjectMapping: 0.290600 ms MarkObjects: 4.056100 ms  DeleteObjects: 0.564600 ms)

========================================================================
Received Prepare
Registering precompiled user dll's ...
Registered in 0.057245 seconds.
Begin MonoManager ReloadAssembly
Native extension for WindowsStandalone target not found
Refreshing native plugins compatible for Editor in 1.03 ms, found 1 plugins.
Preloading 0 native plugins for Editor in 0.00 ms.
Invoked RoslynAnalysisRunner static constructor.
RoslynAnalysisRunner will not be running.
RoslynAnalysisRunner has terminated.
Mono: successfully reloaded assembly
- Completed reload, in  3.044 seconds
Platform modules already initialized, skipping
Shader 'Universal Render Pipeline/Particles/Lit': fallback shader 'Universal Render Pipeline/Particles/SimpleLit' not found
Refreshing native plugins compatible for Editor in 0.87 ms, found 1 plugins.
Preloading 0 native plugins for Editor in 0.00 ms.
Unloading 2944 Unused Serialized files (Serialized files now loaded: 0)
System memory in use before: 131.7 MB.
System memory in use after: 131.3 MB.

Unloading 22 unused Assets to reduce memory usage. Loaded Objects now: 3496.
Total: 4.665300 ms (FindLiveObjects: 0.477600 ms CreateObjectMapping: 0.257800 ms MarkObjects: 3.355700 ms  DeleteObjects: 0.572300 ms)

========================================================================
Received Import Request.
  Time since last request: 555.656597 seconds.
  path: Assets/Scenes/Main Menu Scene.unity
  artifactKey: Guid(c681ea05ef604cf42a429fcf73073b17) Importer(815301076,1909f56bfc062723c751e8b465ee728b)
Start importing Assets/Scenes/Main Menu Scene.unity using Guid(c681ea05ef604cf42a429fcf73073b17) Importer(815301076,1909f56bfc062723c751e8b465ee728b)  -> (artifact id: '67f36fce34aecbaaeb390f785874a1ca') in 0.036791 seconds
  Import took 0.047173 seconds .

========================================================================
Received Import Request.
  Time since last request: 50.814001 seconds.
  path: Assets/Scenes/Main Menu Scene.unity
  artifactKey: Guid(c681ea05ef604cf42a429fcf73073b17) Importer(815301076,1909f56bfc062723c751e8b465ee728b)
Start importing Assets/Scenes/Main Menu Scene.unity using Guid(c681ea05ef604cf42a429fcf73073b17) Importer(815301076,1909f56bfc062723c751e8b465ee728b)  -> (artifact id: '548ee345add40684be0ff72462aeb99b') in 0.006271 seconds
  Import took 0.017269 seconds .

========================================================================
Received Prepare
Registering precompiled user dll's ...
Registered in 0.004752 seconds.
Begin MonoManager ReloadAssembly
Native extension for WindowsStandalone target not found
Refreshing native plugins compatible for Editor in 0.91 ms, found 1 plugins.
Preloading 0 native plugins for Editor in 0.00 ms.
Invoked RoslynAnalysisRunner static constructor.
RoslynAnalysisRunner will not be running.
RoslynAnalysisRunner has terminated.
Mono: successfully reloaded assembly
- Completed reload, in  2.954 seconds
Platform modules already initialized, skipping
Shader 'Universal Render Pipeline/Particles/Lit': fallback shader 'Universal Render Pipeline/Particles/SimpleLit' not found
Refreshing native plugins compatible for Editor in 1.43 ms, found 1 plugins.
Preloading 0 native plugins for Editor in 0.00 ms.
Unloading 2944 Unused Serialized files (Serialized files now loaded: 0)
System memory in use before: 131.6 MB.
System memory in use after: 131.3 MB.

Unloading 22 unused Assets to reduce memory usage. Loaded Objects now: 3498.
Total: 5.021400 ms (FindLiveObjects: 0.482200 ms CreateObjectMapping: 0.310800 ms MarkObjects: 3.615000 ms  DeleteObjects: 0.611500 ms)

========================================================================
Received Prepare
Registering precompiled user dll's ...
Registered in 0.003872 seconds.
Begin MonoManager ReloadAssembly
Native extension for WindowsStandalone target not found
Refreshing native plugins compatible for Editor in 1.90 ms, found 1 plugins.
Preloading 0 native plugins for Editor in 0.00 ms.
Invoked RoslynAnalysisRunner static constructor.
RoslynAnalysisRunner will not be running.
RoslynAnalysisRunner has terminated.
Mono: successfully reloaded assembly
- Completed reload, in  2.829 seconds
Platform modules already initialized, skipping
Shader 'Universal Render Pipeline/Particles/Lit': fallback shader 'Universal Render Pipeline/Particles/SimpleLit' not found
Refreshing native plugins compatible for Editor in 0.87 ms, found 1 plugins.
Preloading 0 native plugins for Editor in 0.00 ms.
Unloading 2945 Unused Serialized files (Serialized files now loaded: 0)
System memory in use before: 131.7 MB.
System memory in use after: 131.4 MB.

Unloading 22 unused Assets to reduce memory usage. Loaded Objects now: 3501.
Total: 5.007500 ms (FindLiveObjects: 0.514500 ms CreateObjectMapping: 0.319500 ms MarkObjects: 3.583500 ms  DeleteObjects: 0.587900 ms)

========================================================================
Received Import Request.
  Time since last request: 321.952427 seconds.
  path: Assets/Scenes/Main Menu Scene.unity
  artifactKey: Guid(c681ea05ef604cf42a429fcf73073b17) Importer(815301076,1909f56bfc062723c751e8b465ee728b)
Start importing Assets/Scenes/Main Menu Scene.unity using Guid(c681ea05ef604cf42a429fcf73073b17) Importer(815301076,1909f56bfc062723c751e8b465ee728b)  -> (artifact id: '65385c4f016b78487c08c6d52f9e7972') in 0.035510 seconds
  Import took 0.048231 seconds .

========================================================================
Received Prepare
Registering precompiled user dll's ...
Registered in 0.003396 seconds.
Begin MonoManager ReloadAssembly
Native extension for WindowsStandalone target not found
Refreshing native plugins compatible for Editor in 0.90 ms, found 1 plugins.
Preloading 0 native plugins for Editor in 0.00 ms.
Invoked RoslynAnalysisRunner static constructor.
RoslynAnalysisRunner will not be running.
RoslynAnalysisRunner has terminated.
Mono: successfully reloaded assembly
- Completed reload, in  2.723 seconds
Platform modules already initialized, skipping
Shader 'Universal Render Pipeline/Particles/Lit': fallback shader 'Universal Render Pipeline/Particles/SimpleLit' not found
Refreshing native plugins compatible for Editor in 1.49 ms, found 1 plugins.
Preloading 0 native plugins for Editor in 0.00 ms.
Unloading 2946 Unused Serialized files (Serialized files now loaded: 0)
System memory in use before: 131.8 MB.
System memory in use after: 131.4 MB.

Unloading 22 unused Assets to reduce memory usage. Loaded Objects now: 3504.
Total: 5.131400 ms (FindLiveObjects: 0.655400 ms CreateObjectMapping: 0.277600 ms MarkObjects: 3.567300 ms  DeleteObjects: 0.627300 ms)

========================================================================
Received Prepare
Registering precompiled user dll's ...
Registered in 0.004522 seconds.
Begin MonoManager ReloadAssembly
Native extension for WindowsStandalone target not found
Refreshing native plugins compatible for Editor in 0.89 ms, found 1 plugins.
Preloading 0 native plugins for Editor in 0.00 ms.
Invoked RoslynAnalysisRunner static constructor.
RoslynAnalysisRunner will not be running.
RoslynAnalysisRunner has terminated.
Mono: successfully reloaded assembly
- Completed reload, in  2.113 seconds
Platform modules already initialized, skipping
Shader 'Universal Render Pipeline/Particles/Lit': fallback shader 'Universal Render Pipeline/Particles/SimpleLit' not found
Refreshing native plugins compatible for Editor in 1.05 ms, found 1 plugins.
Preloading 0 native plugins for Editor in 0.00 ms.
Unloading 2946 Unused Serialized files (Serialized files now loaded: 0)
System memory in use before: 131.7 MB.
System memory in use after: 131.4 MB.

Unloading 22 unused Assets to reduce memory usage. Loaded Objects now: 3506.
Total: 5.943800 ms (FindLiveObjects: 0.540000 ms CreateObjectMapping: 0.352000 ms MarkObjects: 4.165600 ms  DeleteObjects: 0.883200 ms)

========================================================================
Received Prepare
Registering precompiled user dll's ...
Registered in 0.003185 seconds.
Begin MonoManager ReloadAssembly
Native extension for WindowsStandalone target not found
Refreshing native plugins compatible for Editor in 1.06 ms, found 1 plugins.
Preloading 0 native plugins for Editor in 0.00 ms.
Invoked RoslynAnalysisRunner static constructor.
RoslynAnalysisRunner will not be running.
RoslynAnalysisRunner has terminated.
Mono: successfully reloaded assembly
- Completed reload, in  2.131 seconds
Platform modules already initialized, skipping
Shader 'Universal Render Pipeline/Particles/Lit': fallback shader 'Universal Render Pipeline/Particles/SimpleLit' not found
Refreshing native plugins compatible for Editor in 0.95 ms, found 1 plugins.
Preloading 0 native plugins for Editor in 0.00 ms.
Unloading 2946 Unused Serialized files (Serialized files now loaded: 0)
System memory in use before: 131.8 MB.
System memory in use after: 131.4 MB.

Unloading 22 unused Assets to reduce memory usage. Loaded Objects now: 3508.
Total: 7.488800 ms (FindLiveObjects: 0.915300 ms CreateObjectMapping: 0.533500 ms MarkObjects: 5.285400 ms  DeleteObjects: 0.751500 ms)

========================================================================
Received Prepare
Registering precompiled user dll's ...
Registered in 0.003417 seconds.
Begin MonoManager ReloadAssembly
Native extension for WindowsStandalone target not found
Refreshing native plugins compatible for Editor in 1.00 ms, found 1 plugins.
Preloading 0 native plugins for Editor in 0.00 ms.
Invoked RoslynAnalysisRunner static constructor.
RoslynAnalysisRunner will not be running.
RoslynAnalysisRunner has terminated.
Mono: successfully reloaded assembly
- Completed reload, in  2.180 seconds
Platform modules already initialized, skipping
Shader 'Universal Render Pipeline/Particles/Lit': fallback shader 'Universal Render Pipeline/Particles/SimpleLit' not found
Refreshing native plugins compatible for Editor in 0.90 ms, found 1 plugins.
Preloading 0 native plugins for Editor in 0.00 ms.
Unloading 2946 Unused Serialized files (Serialized files now loaded: 0)
System memory in use before: 131.7 MB.
System memory in use after: 131.3 MB.

Unloading 22 unused Assets to reduce memory usage. Loaded Objects now: 3510.
Total: 4.746000 ms (FindLiveObjects: 0.465500 ms CreateObjectMapping: 0.276500 ms MarkObjects: 3.407300 ms  DeleteObjects: 0.594000 ms)

========================================================================
Received Prepare
Registering precompiled user dll's ...
Registered in 0.004472 seconds.
Begin MonoManager ReloadAssembly
Native extension for WindowsStandalone target not found
Refreshing native plugins compatible for Editor in 0.89 ms, found 1 plugins.
Preloading 0 native plugins for Editor in 0.00 ms.
Invoked RoslynAnalysisRunner static constructor.
RoslynAnalysisRunner will not be running.
RoslynAnalysisRunner has terminated.
Mono: successfully reloaded assembly
- Completed reload, in  2.840 seconds
Platform modules already initialized, skipping
Shader 'Universal Render Pipeline/Particles/Lit': fallback shader 'Universal Render Pipeline/Particles/SimpleLit' not found
Refreshing native plugins compatible for Editor in 1.37 ms, found 1 plugins.
Preloading 0 native plugins for Editor in 0.00 ms.
Unloading 2946 Unused Serialized files (Serialized files now loaded: 0)
System memory in use before: 131.8 MB.
System memory in use after: 131.4 MB.

Unloading 22 unused Assets to reduce memory usage. Loaded Objects now: 3512.
Total: 9.149600 ms (FindLiveObjects: 0.808900 ms CreateObjectMapping: 0.412300 ms MarkObjects: 6.982700 ms  DeleteObjects: 0.941900 ms)

========================================================================
Received Import Request.
  Time since last request: 586.081161 seconds.
  path: Assets/Start_Game_Button_Handler.cs
  artifactKey: Guid(ae627a0f873cc4744bd3d6c0bd7dc8e5) Importer(815301076,1909f56bfc062723c751e8b465ee728b)
Start importing Assets/Start_Game_Button_Handler.cs using Guid(ae627a0f873cc4744bd3d6c0bd7dc8e5) Importer(815301076,1909f56bfc062723c751e8b465ee728b)  -> (artifact id: 'a02809560ffd8d51972d4e6dd87ac1d9') in 0.180953 seconds
  Import took 0.209917 seconds .

========================================================================
Received Prepare
Registering precompiled user dll's ...
Registered in 0.003250 seconds.
Begin MonoManager ReloadAssembly
Native extension for WindowsStandalone target not found
Refreshing native plugins compatible for Editor in 1.41 ms, found 1 plugins.
Preloading 0 native plugins for Editor in 0.00 ms.
Invoked RoslynAnalysisRunner static constructor.
RoslynAnalysisRunner will not be running.
RoslynAnalysisRunner has terminated.
Mono: successfully reloaded assembly
- Completed reload, in  2.184 seconds
Platform modules already initialized, skipping
Shader 'Universal Render Pipeline/Particles/Lit': fallback shader 'Universal Render Pipeline/Particles/SimpleLit' not found
Refreshing native plugins compatible for Editor in 0.94 ms, found 1 plugins.
Preloading 0 native plugins for Editor in 0.00 ms.
Unloading 2946 Unused Serialized files (Serialized files now loaded: 0)
System memory in use before: 131.8 MB.
System memory in use after: 131.4 MB.

Unloading 22 unused Assets to reduce memory usage. Loaded Objects now: 3514.
Total: 5.196300 ms (FindLiveObjects: 0.485000 ms CreateObjectMapping: 0.256600 ms MarkObjects: 3.798300 ms  DeleteObjects: 0.653100 ms)

========================================================================
Received Prepare
Registering precompiled user dll's ...
Registered in 0.003248 seconds.
Begin MonoManager ReloadAssembly
Native extension for WindowsStandalone target not found
Refreshing native plugins compatible for Editor in 0.89 ms, found 1 plugins.
Preloading 0 native plugins for Editor in 0.00 ms.
Invoked RoslynAnalysisRunner static constructor.
RoslynAnalysisRunner will not be running.
RoslynAnalysisRunner has terminated.
Mono: successfully reloaded assembly
- Completed reload, in  2.226 seconds
Platform modules already initialized, skipping
Shader 'Universal Render Pipeline/Particles/Lit': fallback shader 'Universal Render Pipeline/Particles/SimpleLit' not found
Refreshing native plugins compatible for Editor in 0.91 ms, found 1 plugins.
Preloading 0 native plugins for Editor in 0.00 ms.
Unloading 2946 Unused Serialized files (Serialized files now loaded: 0)
System memory in use before: 131.8 MB.
System memory in use after: 131.4 MB.

Unloading 22 unused Assets to reduce memory usage. Loaded Objects now: 3516.
Total: 6.885200 ms (FindLiveObjects: 0.694500 ms CreateObjectMapping: 0.415900 ms MarkObjects: 4.903100 ms  DeleteObjects: 0.868000 ms)

AssetImportWorkerClient::OnTransportError - code=2 error=End of file
